<?xml version="1.0" encoding="UTF-8"?>
<!-- Generated by org.testng.reporters.JUnitReportReporter -->
<testsuite hostname="DESKTOP-C7DDVKG" failures="0" tests="1" name="com.selenium1Demo.testCases.TC_LoginTest_001" time="2.152" errors="0" timestamp="05 Mar 2022 02:09:46 GMT" skipped="0">
  <testcase classname="com.selenium1Demo.testCases.TC_LoginTest_001" name="loginTest" time="2.152"/>
</testsuite> <!-- com.selenium1Demo.testCases.TC_LoginTest_001 -->
